<?xml version="1.0" encoding="UTF-8"?>
<testng-results skipped="0" failed="0" ignored="0" total="1" passed="1">
  <reporter-output>
  </reporter-output>
  <suite name="BDD Test Suite" duration-ms="22184" started-at="2018-04-11T19:23:52Z" finished-at="2018-04-11T19:24:15Z">
    <groups>
      <group name="cucumber">
        <method signature="TestRunner.feature(cucumber.api.testng.CucumberFeatureWrapper)[pri:0, instance:MyRunner.TestRunner@39fb3ab6]" name="feature" class="MyRunner.TestRunner"/>
      </group> <!-- cucumber -->
    </groups>
    <test name="FREE CRM Test" duration-ms="22184" started-at="2018-04-11T19:23:52Z" finished-at="2018-04-11T19:24:15Z">
      <class name="MyRunner.TestRunner">
        <test-method status="PASS" signature="setUpClass()[pri:0, instance:MyRunner.TestRunner@39fb3ab6]" name="setUpClass" is-config="true" duration-ms="132" started-at="2018-04-11T19:23:52Z" finished-at="2018-04-11T19:23:53Z">
          <reporter-output>
          </reporter-output>
        </test-method> <!-- setUpClass -->
        <test-method status="PASS" signature="feature(cucumber.api.testng.CucumberFeatureWrapper)[pri:0, instance:MyRunner.TestRunner@39fb3ab6]" name="feature" duration-ms="21971" started-at="2018-04-11T19:23:53Z" description="Runs Cucumber Feature" data-provider="features" finished-at="2018-04-11T19:24:15Z">
          <params>
            <param index="0">
              <value>
                <![CDATA[Free CRM Login Feature]]>
              </value>
            </param>
          </params>
          <reporter-output>
          </reporter-output>
        </test-method> <!-- feature -->
        <test-method status="PASS" signature="tearDownClass()[pri:0, instance:MyRunner.TestRunner@39fb3ab6]" name="tearDownClass" is-config="true" duration-ms="12" started-at="2018-04-11T19:24:15Z" finished-at="2018-04-11T19:24:15Z">
          <reporter-output>
          </reporter-output>
        </test-method> <!-- tearDownClass -->
      </class> <!-- MyRunner.TestRunner -->
    </test> <!-- FREE CRM Test -->
  </suite> <!-- BDD Test Suite -->
</testng-results>
